<?xml version="1.0" encoding="UTF-8"?>
<testsuite name="com.github.davidmoten.geo.Base32Test" tests="8" skipped="0" failures="0" errors="0" timestamp="2018-04-25T14:52:42" hostname="wuchengxuande-MacBook-Pro.local" time="0.014">
  <properties/>
  <testcase name="encodeNegativeBase32OnePar" classname="com.github.davidmoten.geo.Base32Test" time="0.009"/>
  <testcase name="getCharIndexNull" classname="com.github.davidmoten.geo.Base32Test" time="0.001"/>
  <testcase name="encodeBase32" classname="com.github.davidmoten.geo.Base32Test" time="0.0"/>
  <testcase name="padLeftWithZerosToLength" classname="com.github.davidmoten.geo.Base32Test" time="0.0"/>
  <testcase name="encodeZeroBase32OnePar" classname="com.github.davidmoten.geo.Base32Test" time="0.0"/>
  <testcase name="encodePositiveBase32OnePar" classname="com.github.davidmoten.geo.Base32Test" time="0.0"/>
  <testcase name="getCharIndex" classname="com.github.davidmoten.geo.Base32Test" time="0.0"/>
  <testcase name="decodeBase32" classname="com.github.davidmoten.geo.Base32Test" time="0.0"/>
  <system-out><![CDATA[]]></system-out>
  <system-err><![CDATA[]]></system-err>
</testsuite>
