<?xml version="1.0" encoding="UTF-8"?>
<testsuite name="com.github.davidmoten.geo.mem.InfoTest" tests="1" skipped="0" failures="0" errors="0" timestamp="2018-04-25T14:46:08" hostname="wuchengxuande-MacBook-Pro.local" time="0.009">
  <properties/>
  <testcase name="createInfoWithToString" classname="com.github.davidmoten.geo.mem.InfoTest" time="0.009"/>
  <system-out><![CDATA[]]></system-out>
  <system-err><![CDATA[]]></system-err>
</testsuite>
