<?xml version="1.0" encoding="UTF-8"?>
<testsuite name="com.github.davidmoten.geo.DirectionTest" tests="1" skipped="0" failures="0" errors="0" timestamp="2018-04-25T14:46:08" hostname="wuchengxuande-MacBook-Pro.local" time="0.002">
  <properties/>
  <testcase name="create" classname="com.github.davidmoten.geo.DirectionTest" time="0.002"/>
  <system-out><![CDATA[]]></system-out>
  <system-err><![CDATA[]]></system-err>
</testsuite>
